<?xml version="1.0" encoding="UTF-8"?>
<!-- Generated by org.testng.reporters.JUnitReportReporter -->
<testsuite hostname="DESKTOP-M4EJ7D6" failures="0" tests="10" name="runner.WebApp" time="250.126" errors="0" timestamp="2022-01-18T14:02:33 IST" skipped="0">
  <testcase classname="runner.WebApp" name="test1" time="29.727"/>
  <system-out/>
  <testcase classname="runner.WebApp" name="test2" time="15.720"/>
  <system-out/>
  <testcase classname="runner.WebApp" name="test3" time="16.834"/>
  <system-out/>
  <testcase classname="runner.WebApp" name="test4" time="12.060"/>
  <system-out/>
  <testcase classname="runner.WebApp" name="test5" time="12.895"/>
  <system-out/>
  <testcase classname="runner.WebApp" name="test6" time="23.769"/>
  <system-out/>
  <testcase classname="runner.WebApp" name="test7" time="31.033"/>
  <system-out/>
  <testcase classname="runner.WebApp" name="test8" time="44.573"/>
  <system-out/>
  <testcase classname="runner.WebApp" name="test9" time="33.771"/>
  <system-out/>
  <testcase classname="runner.WebApp" name="test10" time="29.744"/>
  <system-out/>
</testsuite> <!-- runner.WebApp -->
